This is pdfTeX, Version 3.14159265-2.6-1.40.21 (MiKTeX 2.9.7300 64-bit) (preloaded format=pdflatex 2020.3.4)  18 OCT 2021 18:34
entering extended mode
**./U1_GVB.tex
(U1_GVB.tex
LaTeX2e <2020-02-02> patch level 2
L3 programming layer <2020-02-14>
(D:\Programy\MikTex\tex/latex/base\article.cls
Document Class: article 2019/12/20 v1.4l Standard LaTeX document class
(D:\Programy\MikTex\tex/latex/base\size11.clo
File: size11.clo 2019/12/20 v1.4l Standard LaTeX file (size option)
)
\c@part=\count167
\c@section=\count168
\c@subsection=\count169
\c@subsubsection=\count170
\c@paragraph=\count171
\c@subparagraph=\count172
\c@figure=\count173
\c@table=\count174
\abovecaptionskip=\skip47
\belowcaptionskip=\skip48
\bibindent=\dimen134
)
(D:\Programy\MikTex\tex/latex/base\inputenc.sty
Package: inputenc 2018/08/11 v1.3c Input encoding file
\inpenc@prehook=\toks14
\inpenc@posthook=\toks15
)
(D:\Programy\MikTex\tex/latex/base\fontenc.sty
Package: fontenc 2020/02/11 v2.0o Standard LaTeX package
)
(D:\Programy\MikTex\tex/latex/psnfss\mathpazo.sty
Package: mathpazo 2020/03/25 PSNFSS-v9.3 Palatino w/ Pazo Math (D.Puga, WaS) 
\symupright=\mathgroup4
)
(D:\Programy\MikTex\tex/generic/babel\babel.sty
Package: babel 2020/02/14 3.40 The Babel package

(D:\Programy\MikTex\tex/generic/babel\switch.def
File: switch.def 2020/02/14 3.40 Babel switching mechanism
)
*************************************
* Local config file bblopts.cfg used
*
(D:\Programy\MikTex\tex/latex/arabi\bblopts.cfg
File: bblopts.cfg 2005/09/08 v0.1 add Arabic and Farsi to "declared" options of
 babel
)
(D:\Programy\MikTex\tex/latex/babel-czech\czech.ldf
Language: czech 2008/07/06 v3.1a Czech support from the babel system

(D:\Programy\MikTex\tex/generic/babel\babel.def
File: babel.def 2020/02/14 3.40 Babel common definitions
\babel@savecnt=\count175
\U@D=\dimen135

(D:\Programy\MikTex\tex/generic/babel\txtbabel.def)
\bbl@readstream=\read2
\bbl@dirlevel=\count176
)
Package babel Info: Making " an active character on input line 172.
\cs@wordlen=\count177
Package babel Info: Making - an active character on input line 226.
))
(D:\Programy\MikTex\tex/latex/graphics\graphicx.sty
Package: graphicx 2019/11/30 v1.2a Enhanced LaTeX Graphics (DPC,SPQR)

(D:\Programy\MikTex\tex/latex/graphics\keyval.sty
Package: keyval 2014/10/28 v1.15 key=value parser (DPC)
\KV@toks@=\toks16
)
(D:\Programy\MikTex\tex/latex/graphics\graphics.sty
Package: graphics 2019/11/30 v1.4a Standard LaTeX Graphics (DPC,SPQR)

(D:\Programy\MikTex\tex/latex/graphics\trig.sty
Package: trig 2016/01/03 v1.10 sin cos tan (DPC)
)
(D:\Programy\MikTex\tex/latex/graphics-cfg\graphics.cfg
File: graphics.cfg 2016/06/04 v1.11 sample graphics configuration
)
Package graphics Info: Driver file: pdftex.def on input line 105.

(D:\Programy\MikTex\tex/latex/graphics-def\pdftex.def
File: pdftex.def 2018/01/08 v1.0l Graphics/color driver for pdftex
))
\Gin@req@height=\dimen136
\Gin@req@width=\dimen137
)
(D:\Programy\MikTex\tex/latex/l3backend\l3backend-pdfmode.def
File: l3backend-pdfmode.def 2020-02-03 L3 backend support: PDF mode
\l__kernel_color_stack_int=\count178
\l__pdf_internal_box=\box45
) (U1_GVB.aux)
\openout1 = `U1_GVB.aux'.

LaTeX Font Info:    Checking defaults for OML/cmm/m/it on input line 12.
LaTeX Font Info:    ... okay on input line 12.
LaTeX Font Info:    Checking defaults for OMS/cmsy/m/n on input line 12.
LaTeX Font Info:    ... okay on input line 12.
LaTeX Font Info:    Checking defaults for OT1/cmr/m/n on input line 12.
LaTeX Font Info:    ... okay on input line 12.
LaTeX Font Info:    Checking defaults for T1/cmr/m/n on input line 12.
LaTeX Font Info:    ... okay on input line 12.
LaTeX Font Info:    Checking defaults for TS1/cmr/m/n on input line 12.
LaTeX Font Info:    ... okay on input line 12.
LaTeX Font Info:    Checking defaults for OMX/cmex/m/n on input line 12.
LaTeX Font Info:    ... okay on input line 12.
LaTeX Font Info:    Checking defaults for U/cmr/m/n on input line 12.
LaTeX Font Info:    ... okay on input line 12.
LaTeX Font Info:    Trying to load font information for T1+ppl on input line 12
.

(D:\Programy\MikTex\tex/latex/psnfss\t1ppl.fd
File: t1ppl.fd 2001/06/04 font definitions for T1/ppl.
)
\big@size=\dimen138

(D:\Programy\MikTex\tex/context/base/mkii\supp-pdf.mkii
[Loading MPS to PDF converter (version 2006.09.02).]
\scratchcounter=\count179
\scratchdimen=\dimen139
\scratchbox=\box46
\nofMPsegments=\count180
\nofMParguments=\count181
\everyMPshowfont=\toks17
\MPscratchCnt=\count182
\MPscratchDim=\dimen140
\MPnumerator=\count183
\makeMPintoPDFobject=\count184
\everyMPtoPDFconversion=\toks18
) (D:\Programy\MikTex\tex/latex/epstopdf-pkg\epstopdf-base.sty
Package: epstopdf-base 2020-01-24 v2.11 Base part for package epstopdf
Package epstopdf-base Info: Redefining graphics rule for `.eps' on input line 4
85.
) [1

{C:/Users/Marek/AppData/Local/MiKTeX/2.9/pdftex/config/pdftex.map}] (U1_GVB.toc

Overfull \hbox (5.58472pt too wide) in paragraph at lines 5--5
 [] []\T1/ppl/b/n/10.95 Problematické si-tu-ace a je-jich roz-bor (tj. sim-plex
y) + o²et-°ení t¥chto 
 []

)
\tf@toc=\write3
\openout3 = `U1_GVB.toc'.

 [1]
<images/appka.png, id=10, 790.75426pt x 559.49025pt>
File: images/appka.png Graphic file (type png)
<use images/appka.png>
Package pdftex.def Info: images/appka.png  used on input line 92.
(pdftex.def)             Requested size: 434.91618pt x 307.72058pt.

Overfull \hbox (74.91618pt too wide) in paragraph at lines 92--93
 [][] 
 []

[2

 <./images/appka.png>] [3

] [4

] [5

] [6

] [7

] [8

] [9

] [10

] [11

] (U1_GVB.aux) ) 
Here is how much of TeX's memory you used:
 2221 strings out of 481556
 29623 string characters out of 2927850
 272614 words of memory out of 3000000
 17464 multiletter control sequences out of 15000+200000
 553178 words of font info for 48 fonts, out of 3000000 for 9000
 1141 hyphenation exceptions out of 8191
 30i,6n,27p,215b,212s stack positions out of 5000i,500n,10000p,200000b,50000s
{D:/Programy/MikTex/fonts/enc/dvips/base/8r.enc}<D:/Programy/Mi
kTex/fonts/type1/urw/palatino/uplb8a.pfb><D:/Programy/MikTex/fonts/type1/urw/pa
latino/uplr8a.pfb>
Output written on U1_GVB.pdf (12 pages, 64787 bytes).
PDF statistics:
 53 PDF objects out of 1000 (max. 8388607)
 0 named destinations out of 1000 (max. 500000)
 6 words of extra memory for PDF output out of 10000 (max. 10000000)

